This is pdfTeX, Version 3.141592653-2.6-1.40.25 (TeX Live 2023) (preloaded format=pdflatex 2023.4.14)  16 APR 2023 20:30
entering extended mode
 restricted \write18 enabled.
 file:line:error style messages enabled.
 %&-line parsing enabled.
**/Users/olitany/github/orlitany.github.io/latex/academic_cv.tex
(/Users/olitany/github/orlitany.github.io/latex/academic_cv.tex
LaTeX2e <2022-11-01> patch level 1
L3 programming layer <2023-02-22> (./res.cls
Document Style `res' <26 Sep 89>.
Document Class: res 2000/05/19 v1.4b Resume class
(/usr/local/texlive/2023/texmf-dist/tex/latex/base/article.cls
Document Class: article 2022/07/02 v1.4n Standard LaTeX document class
(/usr/local/texlive/2023/texmf-dist/tex/latex/base/size10.clo
File: size10.clo 2022/07/02 v1.4n Standard LaTeX file (size option)
)
\c@part=\count185
\c@section=\count186
\c@subsection=\count187
\c@subsubsection=\count188
\c@paragraph=\count189
\c@subparagraph=\count190
\c@figure=\count191
\c@table=\count192
\abovecaptionskip=\skip48
\belowcaptionskip=\skip49
\bibindent=\dimen140
)
No auxiliary output files.

\tabular@text=\toks16
\tabular@head=\toks17
\tabular@tail=\toks18
\@ta=\toks19
\undefined@token=\toks20
\sectionwidth=\dimen141
\sectionskip=\skip50
\resumewidth=\dimen142
\@columnwidth=\dimen143
\c@numberofcolumns=\count193
) (/usr/local/texlive/2023/texmf-dist/tex/latex/l3backend/l3backend-pdftex.def
File: l3backend-pdftex.def 2023-01-16 L3 backend support: PDF output (pdfTeX)
\l__color_backend_stack_int=\count194
\l__pdf_internal_box=\box51
) (./academic_cv.aux)
LaTeX Font Info:    Checking defaults for OML/cmm/m/it on input line 6.
LaTeX Font Info:    ... okay on input line 6.
LaTeX Font Info:    Checking defaults for OMS/cmsy/m/n on input line 6.
LaTeX Font Info:    ... okay on input line 6.
LaTeX Font Info:    Checking defaults for OT1/cmr/m/n on input line 6.
LaTeX Font Info:    ... okay on input line 6.
LaTeX Font Info:    Checking defaults for T1/cmr/m/n on input line 6.
LaTeX Font Info:    ... okay on input line 6.
LaTeX Font Info:    Checking defaults for TS1/cmr/m/n on input line 6.
LaTeX Font Info:    ... okay on input line 6.
LaTeX Font Info:    Checking defaults for OMX/cmex/m/n on input line 6.
LaTeX Font Info:    ... okay on input line 6.
LaTeX Font Info:    Checking defaults for U/cmr/m/n on input line 6.
LaTeX Font Info:    ... okay on input line 6.

/Users/olitany/github/orlitany.github.io/latex/academic_cv.tex:8: Undefined control sequence.
l.8 \command
            %
The control sequence at the end of the top line
of your error message was never \def'ed. If you have
misspelled it (e.g., `\hobx'), type `I' and the correct
spelling (e.g., `I\hbox'). Otherwise just continue,
and I'll forget about whatever was undefined.

 ) 
Here is how much of TeX's memory you used:
 517 strings out of 476025
 9507 string characters out of 5790017
 1849388 words of memory out of 5000000
 21052 multiletter control sequences out of 15000+600000
 512287 words of font info for 32 fonts, out of 8000000 for 9000
 1141 hyphenation exceptions out of 8191
 48i,1n,52p,195b,41s stack positions out of 10000i,1000n,20000p,200000b,200000s

No pages of output.
PDF statistics:
 0 PDF objects out of 1000 (max. 8388607)
 0 named destinations out of 1000 (max. 500000)
 1 words of extra memory for PDF output out of 10000 (max. 10000000)

